[debug] [2019-08-20T04:38:43.336Z] ----------------------------------------------------------------------
[debug] [2019-08-20T04:38:43.346Z] Command:       C:\Program Files\nodejs\node.exe C:\Users\Marcelo\AppData\Roaming\npm\node_modules\firebase-tools\lib\bin\firebase.js init
[debug] [2019-08-20T04:38:43.347Z] CLI Version:   7.2.4
[debug] [2019-08-20T04:38:43.347Z] Platform:      win32
[debug] [2019-08-20T04:38:43.347Z] Node Version:  v10.16.3
[debug] [2019-08-20T04:38:45.898Z] Time:          Tue Aug 20 2019 01:38:43 GMT-0300 (GMT-03:00)
[debug] [2019-08-20T04:38:45.898Z] ----------------------------------------------------------------------
[debug] 
[debug] [2019-08-20T04:38:46.427Z] > command requires scopes: ["email","openid","https://www.googleapis.com/auth/cloudplatformprojects.readonly","https://www.googleapis.com/auth/firebase","https://www.googleapis.com/auth/cloud-platform"]
[debug] [2019-08-20T04:38:46.428Z] > authorizing via signed-in user
[info] 
     ######## #### ########  ######## ########     ###     ######  ########
     ##        ##  ##     ## ##       ##     ##  ##   ##  ##       ##
     ######    ##  ########  ######   ########  #########  ######  ######
     ##        ##  ##    ##  ##       ##     ## ##     ##       ## ##
     ##       #### ##     ## ######## ########  ##     ##  ######  ########

You're about to initialize a Firebase project in this directory:

  C:\Users\Marcelo\meusapps\Boca_a_Boca

Before we get started, keep in mind:

  * You are initializing in an existing Firebase project directory

[info] 
=== Project Setup
[info] 
[info] First, let's associate this project directory with a Firebase project.
[info] You can create multiple project aliases by running firebase use --add, 
[info] but for now we'll just set up a default project.
[info] 
[info] i  .firebaserc already has a default project, using ionbooking2.
[debug] [2019-08-20T22:09:22.206Z] > refreshing access token with scopes: ["email","https://www.googleapis.com/auth/cloud-platform","https://www.googleapis.com/auth/cloudplatformprojects.readonly","https://www.googleapis.com/auth/firebase","openid"]
[debug] [2019-08-20T22:09:22.207Z] >>> HTTP REQUEST POST https://www.googleapis.com/oauth2/v3/token  
 <request body omitted>
[debug] [2019-08-20T22:09:23.507Z] <<< HTTP RESPONSE 200
[debug] [2019-08-20T22:09:23.630Z] >>> HTTP REQUEST GET https://firebase.googleapis.com/v1beta1/projects/ionbooking2  
 
[debug] [2019-08-20T22:09:25.878Z] <<< HTTP RESPONSE 403
[debug] [2019-08-20T22:09:25.878Z] <<< HTTP RESPONSE BODY
[debug] [2019-08-20T22:09:25.906Z] HTTP Error: 403, The caller does not have permission
[debug] [2019-08-20T22:09:26.379Z] FirebaseError: HTTP Error: 403, The caller does not have permission
    at module.exports (C:\Users\Marcelo\AppData\Roaming\npm\node_modules\firebase-tools\lib\responseToError.js:38:12)
    at Request._callback (C:\Users\Marcelo\AppData\Roaming\npm\node_modules\firebase-tools\lib\api.js:39:35)
    at Request.self.callback (C:\Users\Marcelo\AppData\Roaming\npm\node_modules\firebase-tools\node_modules\request\request.js:185:22)
    at Request.emit (events.js:198:13)
    at Request.EventEmitter.emit (domain.js:448:20)
    at Request.<anonymous> (C:\Users\Marcelo\AppData\Roaming\npm\node_modules\firebase-tools\node_modules\request\request.js:1161:10)
    at Request.emit (events.js:198:13)
    at Request.EventEmitter.emit (domain.js:448:20)
    at IncomingMessage.<anonymous> (C:\Users\Marcelo\AppData\Roaming\npm\node_modules\firebase-tools\node_modules\request\request.js:1083:12)
    at Object.onceWrapper (events.js:286:20)
[error] 
[error] Error: Failed to get Firebase project ionbooking2. Please make sure the project exists and your account has permission to access it.
